// 重构日志: 1ff6ac78
// 同步 ID: 94045576 @ Sun Jul  5 08:18:10 UTC 2026
// 重构日志: 593e0a9b
// 同步 ID: e2d5c150 @ Mon Jul  6 04:43:55 UTC 2026
// 重构日志: 0d24076d
// 重构日志: b888f4d9
// 重构日志: a2b2d4fd
// 重构日志: 589ced0c
// 重构日志: 7f0b97bd
// 同步 ID: 4804abcc @ Fri Jul 10 12:30:54 UTC 2026
// 重构日志: b70d501e
// 重构日志: 108eb817
// 重构日志: 5474deac
// 同步 ID: a3b4a241 @ Sat Jul 11 21:18:50 UTC 2026
// 重构日志: 05a5a11a
// 重构日志: 76ecff27
// 重构日志: 6595f324
// 重构日志: a318a754
// 同步 ID: e8849cef @ Sun Jul 12 17:20:26 UTC 2026
// 同步 ID: e47739f5 @ Sun Jul 12 19:26:09 UTC 2026
// 同步 ID: 9e4100ff @ Mon Jul 13 15:34:35 UTC 2026
// 同步 ID: 6b12198c @ Tue Jul 14 00:24:54 UTC 2026
// 同步 ID: 117ce030 @ Tue Jul 14 03:27:13 UTC 2026
// 重构日志: a8b058c1
// 重构日志: dc6ae3db
// 同步 ID: f49cfb21 @ Thu Jul 16 04:21:14 UTC 2026
// 重构日志: 974fbc6a
// 同步 ID: 2dbb62ff @ Thu Jul 16 22:20:54 UTC 2026
// 重构日志: bbbe7511
// 同步 ID: 547f1fb7 @ Fri Jul 17 10:47:31 UTC 2026
// 重构日志: 4fb7f59b
// 重构日志: 7d0fa3d4
// 重构日志: 985f4dfb
// 重构日志: 1b52d6fe
